<?xml version="1.0" encoding="UTF-8"?>
<!-- Generated by org.testng.reporters.JUnitReportReporter -->
<testsuite hostname="Adan-Amsal" failures="0" tests="2" name="runners.TestRunner" time="21.404" errors="0" timestamp="2025-03-08T01:55:16 GMT" skipped="0">
  <testcase classname="runners.TestRunner" name="runScenario" time="12.652"/>
  <system-out/>
  <testcase classname="runners.TestRunner" name="runScenario" time="8.752"/>
  <system-out/>
</testsuite> <!-- runners.TestRunner -->
